<?xml version="1.0" encoding="UTF-8"?>
<testng-results ignored="0" total="2" passed="2" failed="0" skipped="0">
  <reporter-output>
  </reporter-output>
  <suite started-at="2023-11-08T15:11:33 IST" name="opencartSuite" finished-at="2023-11-08T15:11:43 IST" duration-ms="10613">
    <groups>
    </groups>
    <test started-at="2023-11-08T15:11:33 IST" name="OpencartTest" finished-at="2023-11-08T15:11:43 IST" duration-ms="10613">
      <class name="testCases.TC_001_AccountRegistrationTest">
        <test-method is-config="true" signature="setup(java.lang.String)[pri:0, instance:testCases.TC_001_AccountRegistrationTest@8f4ea7c]" started-at="2023-11-08T15:11:33 IST" name="setup" finished-at="2023-11-08T15:11:36 IST" duration-ms="2971" status="PASS">
          <params>
            <param index="0">
              <value>
                <![CDATA[chrome]]>
              </value>
            </param>
          </params>
          <reporter-output>
          </reporter-output>
        </test-method> <!-- setup -->
        <test-method signature="test_account_Registration()[pri:0, instance:testCases.TC_001_AccountRegistrationTest@8f4ea7c]" started-at="2023-11-08T15:11:36 IST" name="test_account_Registration" finished-at="2023-11-08T15:11:40 IST" duration-ms="3661" status="PASS">
          <reporter-output>
          </reporter-output>
        </test-method> <!-- test_account_Registration -->
        <test-method is-config="true" signature="tearDown()[pri:0, instance:testCases.TC_001_AccountRegistrationTest@8f4ea7c]" started-at="2023-11-08T15:11:40 IST" name="tearDown" finished-at="2023-11-08T15:11:40 IST" duration-ms="153" status="PASS">
          <reporter-output>
          </reporter-output>
        </test-method> <!-- tearDown -->
      </class> <!-- testCases.TC_001_AccountRegistrationTest -->
      <class name="testCases.TC_002_LoginTest">
        <test-method is-config="true" signature="setup(java.lang.String)[pri:0, instance:testCases.TC_002_LoginTest@57a3af25]" started-at="2023-11-08T15:11:40 IST" name="setup" finished-at="2023-11-08T15:11:42 IST" duration-ms="2268" status="PASS">
          <params>
            <param index="0">
              <value>
                <![CDATA[chrome]]>
              </value>
            </param>
          </params>
          <reporter-output>
          </reporter-output>
        </test-method> <!-- setup -->
        <test-method signature="test_Login()[pri:0, instance:testCases.TC_002_LoginTest@57a3af25]" started-at="2023-11-08T15:11:42 IST" name="test_Login" finished-at="2023-11-08T15:11:43 IST" duration-ms="1186" status="PASS">
          <reporter-output>
          </reporter-output>
        </test-method> <!-- test_Login -->
        <test-method is-config="true" signature="tearDown()[pri:0, instance:testCases.TC_002_LoginTest@57a3af25]" started-at="2023-11-08T15:11:43 IST" name="tearDown" finished-at="2023-11-08T15:11:43 IST" duration-ms="169" status="PASS">
          <reporter-output>
          </reporter-output>
        </test-method> <!-- tearDown -->
      </class> <!-- testCases.TC_002_LoginTest -->
    </test> <!-- OpencartTest -->
  </suite> <!-- opencartSuite -->
</testng-results>
