<?xml version="1.0" encoding="UTF-8"?>
<testng-results ignored="0" total="2" passed="2" failed="0" skipped="0">
  <reporter-output>
  </reporter-output>
  <suite started-at="2023-11-07T14:58:46 IST" name="opencartSuite" finished-at="2023-11-07T14:58:59 IST" duration-ms="12607">
    <groups>
    </groups>
    <test started-at="2023-11-07T14:58:46 IST" name="OpencartTest" finished-at="2023-11-07T14:58:59 IST" duration-ms="12607">
      <class name="testCases.TC_001_AccountRegistrationTest">
        <test-method is-config="true" signature="setup(java.lang.String)[pri:0, instance:testCases.TC_001_AccountRegistrationTest@8f4ea7c]" started-at="2023-11-07T14:58:46 IST" name="setup" finished-at="2023-11-07T14:58:50 IST" duration-ms="3909" status="PASS">
          <params>
            <param index="0">
              <value>
                <![CDATA[chrome]]>
              </value>
            </param>
          </params>
          <reporter-output>
          </reporter-output>
        </test-method> <!-- setup -->
        <test-method signature="test_account_Registration()[pri:0, instance:testCases.TC_001_AccountRegistrationTest@8f4ea7c]" started-at="2023-11-07T14:58:50 IST" name="test_account_Registration" finished-at="2023-11-07T14:58:54 IST" duration-ms="3929" status="PASS">
          <reporter-output>
          </reporter-output>
        </test-method> <!-- test_account_Registration -->
        <test-method is-config="true" signature="tearDown()[pri:0, instance:testCases.TC_001_AccountRegistrationTest@8f4ea7c]" started-at="2023-11-07T14:58:54 IST" name="tearDown" finished-at="2023-11-07T14:58:54 IST" duration-ms="208" status="PASS">
          <reporter-output>
          </reporter-output>
        </test-method> <!-- tearDown -->
      </class> <!-- testCases.TC_001_AccountRegistrationTest -->
      <class name="testCases.TC_002_LoginTest">
        <test-method is-config="true" signature="setup(java.lang.String)[pri:0, instance:testCases.TC_002_LoginTest@57a3af25]" started-at="2023-11-07T14:58:55 IST" name="setup" finished-at="2023-11-07T14:58:57 IST" duration-ms="2879" status="PASS">
          <params>
            <param index="0">
              <value>
                <![CDATA[chrome]]>
              </value>
            </param>
          </params>
          <reporter-output>
          </reporter-output>
        </test-method> <!-- setup -->
        <test-method signature="test_Login()[pri:0, instance:testCases.TC_002_LoginTest@57a3af25]" started-at="2023-11-07T14:58:57 IST" name="test_Login" finished-at="2023-11-07T14:58:59 IST" duration-ms="1298" status="PASS">
          <reporter-output>
          </reporter-output>
        </test-method> <!-- test_Login -->
        <test-method is-config="true" signature="tearDown()[pri:0, instance:testCases.TC_002_LoginTest@57a3af25]" started-at="2023-11-07T14:58:59 IST" name="tearDown" finished-at="2023-11-07T14:58:59 IST" duration-ms="177" status="PASS">
          <reporter-output>
          </reporter-output>
        </test-method> <!-- tearDown -->
      </class> <!-- testCases.TC_002_LoginTest -->
    </test> <!-- OpencartTest -->
  </suite> <!-- opencartSuite -->
</testng-results>
