<?xml version="1.0" encoding="UTF-8"?>
<testng-results ignored="0" total="2" passed="2" failed="0" skipped="0">
  <reporter-output>
  </reporter-output>
  <suite started-at="2023-11-08T13:34:27 IST" name="opencartSuite" finished-at="2023-11-08T13:34:46 IST" duration-ms="18845">
    <groups>
    </groups>
    <test started-at="2023-11-08T13:34:27 IST" name="OpencartTest" finished-at="2023-11-08T13:34:46 IST" duration-ms="18845">
      <class name="testCases.TC_001_AccountRegistrationTest">
        <test-method is-config="true" signature="setup(java.lang.String)[pri:0, instance:testCases.TC_001_AccountRegistrationTest@44c03695]" started-at="2023-11-08T13:34:28 IST" name="setup" finished-at="2023-11-08T13:34:37 IST" duration-ms="9528" status="PASS">
          <params>
            <param index="0">
              <value>
                <![CDATA[chrome]]>
              </value>
            </param>
          </params>
          <reporter-output>
          </reporter-output>
        </test-method> <!-- setup -->
        <test-method signature="test_account_Registration()[pri:0, instance:testCases.TC_001_AccountRegistrationTest@44c03695]" started-at="2023-11-08T13:34:37 IST" name="test_account_Registration" finished-at="2023-11-08T13:34:42 IST" duration-ms="4587" status="PASS">
          <reporter-output>
          </reporter-output>
        </test-method> <!-- test_account_Registration -->
        <test-method is-config="true" signature="tearDown()[pri:0, instance:testCases.TC_001_AccountRegistrationTest@44c03695]" started-at="2023-11-08T13:34:42 IST" name="tearDown" finished-at="2023-11-08T13:34:42 IST" duration-ms="154" status="PASS">
          <reporter-output>
          </reporter-output>
        </test-method> <!-- tearDown -->
      </class> <!-- testCases.TC_001_AccountRegistrationTest -->
      <class name="testCases.TC_002_LoginTest">
        <test-method is-config="true" signature="setup(java.lang.String)[pri:0, instance:testCases.TC_002_LoginTest@6989da5e]" started-at="2023-11-08T13:34:42 IST" name="setup" finished-at="2023-11-08T13:34:44 IST" duration-ms="2225" status="PASS">
          <params>
            <param index="0">
              <value>
                <![CDATA[chrome]]>
              </value>
            </param>
          </params>
          <reporter-output>
          </reporter-output>
        </test-method> <!-- setup -->
        <test-method signature="test_Login()[pri:0, instance:testCases.TC_002_LoginTest@6989da5e]" started-at="2023-11-08T13:34:44 IST" name="test_Login" finished-at="2023-11-08T13:34:46 IST" duration-ms="1629" status="PASS">
          <reporter-output>
          </reporter-output>
        </test-method> <!-- test_Login -->
        <test-method is-config="true" signature="tearDown()[pri:0, instance:testCases.TC_002_LoginTest@6989da5e]" started-at="2023-11-08T13:34:46 IST" name="tearDown" finished-at="2023-11-08T13:34:46 IST" duration-ms="292" status="PASS">
          <reporter-output>
          </reporter-output>
        </test-method> <!-- tearDown -->
      </class> <!-- testCases.TC_002_LoginTest -->
    </test> <!-- OpencartTest -->
  </suite> <!-- opencartSuite -->
</testng-results>
